flutter_login/build/app/outputs/mapping/release/mapping.txt
# compiler: R8
# compiler_version: 1.5.64
# min_api: 16
# pg_map_id: ba078e3
...
io.flutter.plugin.platform.PlatformPlugin -> io.flutter.plugin.platform.d:
    io.flutter.embedding.engine.systemchannels.PlatformChannel$SystemChromeStyle currentTheme -> c
    io.flutter.embedding.engine.systemchannels.PlatformChannel$PlatformMessageHandler mPlatformMessageHandler -> e
    int mEnabledOverlays -> d
    android.app.Activity activity -> a
    io.flutter.embedding.engine.systemchannels.PlatformChannel platformChannel -> b
    void access$000(io.flutter.plugin.platform.PlatformPlugin,io.flutter.embedding.engine.systemchannels.PlatformChannel$SoundType) -> a
    void access$100(io.flutter.plugin.platform.PlatformPlugin,int) -> a
    void access$200(io.flutter.plugin.platform.PlatformPlugin,io.flutter.embedding.engine.systemchannels.PlatformChannel$AppSwitcherDescription) -> a
    void access$300(io.flutter.plugin.platform.PlatformPlugin,java.util.List) -> a
    void access$400(io.flutter.plugin.platform.PlatformPlugin) -> a
    void access$500(io.flutter.plugin.platform.PlatformPlugin,io.flutter.embedding.engine.systemchannels.PlatformChannel$SystemChromeStyle) -> a
    java.lang.CharSequence access$700(io.flutter.plugin.platform.PlatformPlugin,io.flutter.embedding.engine.systemchannels.PlatformChannel$ClipboardContentFormat) -> a
    void access$800(io.flutter.plugin.platform.PlatformPlugin,java.lang.String) -> a
    void destroy() -> a
io.flutter.plugin.platform.PlatformPlugin$1 -> io.flutter.plugin.platform.d$a:
    io.flutter.plugin.platform.PlatformPlugin this$0 -> a
    boolean clipboardHasStrings() -> a
    java.lang.CharSequence getClipboardData(io.flutter.embedding.engine.systemchannels.PlatformChannel$ClipboardContentFormat) -> a
    void playSystemSound(io.flutter.embedding.engine.systemchannels.PlatformChannel$SoundType) -> a
    void setApplicationSwitcherDescription(io.flutter.embedding.engine.systemchannels.PlatformChannel$AppSwitcherDescription) -> a
    void setClipboardData(java.lang.String) -> a
    void setPreferredOrientations(int) -> a
    void setSystemUiOverlayStyle(io.flutter.embedding.engine.systemchannels.PlatformChannel$SystemChromeStyle) -> a
    void showSystemOverlays(java.util.List) -> a
    void vibrateHapticFeedback(io.flutter.embedding.engine.systemchannels.PlatformChannel$HapticFeedbackType) -> a
    void restoreSystemUiOverlays() -> b
    void popSystemNavigator() -> c
io.flutter.plugin.platform.PlatformPlugin$2 -> io.flutter.plugin.platform.d$b:
    int[] $SwitchMap$io$flutter$embedding$engine$systemchannels$PlatformChannel$SystemUiOverlay -> b
    int[] $SwitchMap$io$flutter$embedding$engine$systemchannels$PlatformChannel$Brightness -> c
    int[] $SwitchMap$io$flutter$embedding$engine$systemchannels$PlatformChannel$HapticFeedbackType -> a
io.flutter.plugin.platform.PlatformView -> io.flutter.plugin.platform.e:
    void dispose() -> a
    void onFlutterViewAttached(android.view.View) -> a
    void onInputConnectionUnlocked() -> b
    void onFlutterViewDetached() -> c
    android.view.View getView() -> d
    void onInputConnectionLocked() -> e
io.flutter.plugin.platform.PlatformViewFactory -> io.flutter.plugin.platform.f:
    io.flutter.plugin.common.MessageCodec createArgsCodec -> a
    io.flutter.plugin.platform.PlatformView create(android.content.Context,int,java.lang.Object) -> a
    io.flutter.plugin.common.MessageCodec getCreateArgsCodec() -> a
io.flutter.plugin.platform.PlatformViewRegistry -> io.flutter.plugin.platform.g:
io.flutter.plugin.platform.PlatformViewRegistryImpl -> io.flutter.plugin.platform.h:
    java.util.Map viewFactories -> a
    io.flutter.plugin.platform.PlatformViewFactory getFactory(java.lang.String) -> a
io.flutter.plugin.platform.PlatformViewsAccessibilityDelegate -> io.flutter.plugin.platform.i:
    void attachAccessibilityBridge(io.flutter.view.AccessibilityBridge) -> a
    void detachAccessibiltyBridge() -> a
    android.view.View getPlatformViewById(java.lang.Integer) -> a